<?xml version="1.0" encoding="UTF-8"?>
<testng-results skipped="0" failed="0" ignored="0" total="1" passed="1">
  <reporter-output>
  </reporter-output>
  <suite name="Default suite" duration-ms="14348" started-at="2023-08-26T15:19:13Z" finished-at="2023-08-26T15:19:27Z">
    <groups>
    </groups>
    <test name="Default test" duration-ms="14348" started-at="2023-08-26T15:19:13Z" finished-at="2023-08-26T15:19:27Z">
      <class name="testCases.TestCreateCustomerAPI">
        <test-method status="PASS" signature="beforeSuite()[pri:0, instance:testCases.TestCreateCustomerAPI@66a3ffec]" name="beforeSuite" is-config="true" duration-ms="1787" started-at="2023-08-26T15:19:11Z" finished-at="2023-08-26T15:19:13Z">
          <reporter-output>
          </reporter-output>
        </test-method> <!-- beforeSuite -->
        <test-method status="PASS" signature="beforeMethod(java.lang.reflect.Method)[pri:0, instance:testCases.TestCreateCustomerAPI@66a3ffec]" name="beforeMethod" is-config="true" duration-ms="3" started-at="2023-08-26T15:19:13Z" finished-at="2023-08-26T15:19:13Z">
          <params>
            <param index="0">
              <value>
                <![CDATA[public void testCases.TestCreateCustomerAPI.validateCreateCustomerAPIWithValidData()]]>
              </value>
            </param>
          </params>
          <reporter-output>
          </reporter-output>
        </test-method> <!-- beforeMethod -->
        <test-method status="PASS" signature="validateCreateCustomerAPIWithValidData()[pri:0, instance:testCases.TestCreateCustomerAPI@66a3ffec]" name="validateCreateCustomerAPIWithValidData" duration-ms="14295" started-at="2023-08-26T15:19:13Z" finished-at="2023-08-26T15:19:27Z">
          <reporter-output>
          </reporter-output>
        </test-method> <!-- validateCreateCustomerAPIWithValidData -->
        <test-method status="PASS" signature="afterMethod(org.testng.ITestResult)[pri:0, instance:testCases.TestCreateCustomerAPI@66a3ffec]" name="afterMethod" is-config="true" duration-ms="1" started-at="2023-08-26T15:19:27Z" finished-at="2023-08-26T15:19:27Z">
          <params>
            <param index="0">
              <value>
                <![CDATA[[TestResult name=validateCreateCustomerAPIWithValidData status=SUCCESS method=TestCreateCustomerAPI.validateCreateCustomerAPIWithValidData()[pri:0, instance:testCases.TestCreateCustomerAPI@66a3ffec] output={null}]]]>
              </value>
            </param>
          </params>
          <reporter-output>
          </reporter-output>
        </test-method> <!-- afterMethod -->
        <test-method status="PASS" signature="afterSuite()[pri:0, instance:testCases.TestCreateCustomerAPI@66a3ffec]" name="afterSuite" is-config="true" duration-ms="8" started-at="2023-08-26T15:19:28Z" finished-at="2023-08-26T15:19:28Z">
          <reporter-output>
          </reporter-output>
        </test-method> <!-- afterSuite -->
      </class> <!-- testCases.TestCreateCustomerAPI -->
    </test> <!-- Default test -->
  </suite> <!-- Default suite -->
</testng-results>
